<?xml version="1.0" encoding="UTF-8"?>
<!-- Generated by org.testng.reporters.JUnitReportReporter -->
<testsuite hostname="Suresh_Talari" failures="0" tests="1" name="PS1" time="0.014" errors="0" timestamp="2024-09-18T21:55:11 IST" skipped="0">
  <testcase classname="PS1" name="testRun" time="0.014"/>
  <system-out/>
</testsuite> <!-- PS1 -->
