<?xml version="1.0" encoding="UTF-8"?>
<!-- Generated by org.testng.reporters.JUnitReportReporter -->
<testsuite hostname="DESKTOP-KD7SD4O" failures="0" tests="1" name="PS1" time="0.053" errors="0" timestamp="2024-09-28T02:02:52 IST" skipped="0">
  <testcase classname="PS1" name="testRun" time="0.053"/>
  <system-out/>
</testsuite> <!-- PS1 -->
